<?xml version="1.0" encoding="UTF-8" ?>
<testsuite errors="0" failures="0" hostname="msgoon6" name="funciones_20170823_114447.FDocenteTest" skipped="0" tests="2" time="0.197" timestamp="2017-08-23T16:47:50">
  <properties>
    <property name="libs.jsp-compiler.javadoc" value="" />
    <property name="netbeans.autoupdate.country" value="EC" />
    <property name="nb.wait.for.caches" value="true" />
    <property name="javac.test.classpath" value="/home/msgoon6/netbeans-8.2/enterprise/modules/ext/primefaces/primefaces-5.0.jar:/home/msgoon6/netbeans-8.2/ide/modules/ext/postgresql-9.4.1209.jar:build/web/WEB-INF/classes:/home/msgoon6/netbeans-8.2/platform/modules/ext/junit-4.12.jar:/home/msgoon6/netbeans-8.2/platform/modules/ext/hamcrest-core-1.3.jar" />
    <property name="libs.jsf20.maven-pom" value="" />
    <property name="j2ee.copy.static.files.on.save" value="true" />
    <property name="source.root" value="src" />
    <property name="do.display.browser" value="true" />
    <property name="libs.spring-webmvc4.0.src" value="" />
    <property name="ant.core.lib" value="/home/msgoon6/netbeans-8.2/extide/ant/lib/ant.jar" />
    <property name="javadoc.windowtitle" value="" />
    <property name="libs.jsp-compilation.javadoc" value="" />
    <property name="user.dir" value="/home/msgoon6/NetBeansProjects/CONTRATO" />
    <property name="libs.javaee-api-7.0.src" value="" />
    <property name="java.vm.version" value="25.131-b11" />
    <property name="libs.MySQLDriver.classpath" value="/home/msgoon6/netbeans-8.2/ide/modules/ext/mysql-connector-java-5.1.23-bin.jar" />
    <property name="no.dependencies" value="false" />
    <property name="libs.eclipselinkmodelgen.src" value="" />
    <property name="javadoc.notree" value="false" />
    <property name="lib.dir" value="web/WEB-INF/lib" />
    <property name="netbeans.autoupdate.version" value="1.23" />
    <property name="libs.EclipseLink-GlassFish-v3.classpath" value="/home/msgoon6/glassfish-4.1.1/glassfish/modules/org.eclipse.persistence.core.jar:/home/msgoon6/glassfish-4.1.1/glassfish/modules/org.eclipse.persistence.jpa.modelgen.processor.jar:/home/msgoon6/glassfish-4.1.1/glassfish/modules/org.eclipse.persistence.jpa.jpql.jar:/home/msgoon6/glassfish-4.1.1/glassfish/modules/org.eclipse.persistence.moxy.jar:/home/msgoon6/glassfish-4.1.1/glassfish/modules/org.eclipse.persistence.antlr.jar:/home/msgoon6/glassfish-4.1.1/glassfish/modules/org.eclipse.persistence.asm.jar:/home/msgoon6/glassfish-4.1.1/glassfish/modules/org.eclipse.persistence.oracle.jar:/home/msgoon6/glassfish-4.1.1/glassfish/modules/org.eclipse.persistence.jpa.jar:/home/msgoon6/glassfish-4.1.1/glassfish/modules/org.eclipse.persistence.dbws.jar:/home/msgoon6/glassfish-4.1.1/glassfish/modules/javax.persistence.jar" />
    <property name="netbeans.running.environment" value="gnome" />
    <property name="libs.javaee-web-api-6.0.classpath" value="/home/msgoon6/netbeans-8.2/enterprise/modules/ext/javaee-web-api-6.0.jar" />
    <property name="libs.Java-EE-GlassFish-v3-Prelude.javadoc" value="/home/msgoon6/netbeans-8.2/enterprise/docs/javaee-doc-api.jar" />
    <property name="jdk.home" value="/usr/lib/jvm/jdk1.8.0_131" />
    <property name="directory.deployment.supported" value="true" />
    <property name="libs.javac-api.src" value="" />
    <property name="javadoc.noindex" value="false" />
    <property name="libs.jpa2-persistence.classpath" value="/home/msgoon6/netbeans-8.2/java/modules/ext/hibernate4/hibernate-jpa-2.1-api-1.0.0.Final.jar" />
    <property name="sun.os.patch.level" value="unknown" />
    <property name="libs.Java-EE-GlassFish-v3-Prelude.src" value="" />
    <property name="java.vm.specification.name" value="Java Virtual Machine Specification" />
    <property name="nb.show.statistics.ui" value="usageStatisticsEnabled" />
    <property name="netbeans.autoupdate.variant" value="" />
    <property name="have.tests" value="true" />
    <property name="addExports:java.desktop/com.sun.java.swing.plaf.gtk" value="ALL-UNNAMED" />
    <property name="org.xml.sax.driver" value="com.sun.org.apache.xerces.internal.jaxp.SAXParserImpl$JAXPSAXParser" />
    <property name="libs.hamcrest.classpath" value="/home/msgoon6/netbeans-8.2/platform/modules/ext/hamcrest-core-1.3.jar" />
    <property name="j2ee.server.instance" value="[/home/msgoon6/Programas/Glassfish4/glassfish:/home/msgoon6/Programas/Glassfish4/glassfish/domains/domain1]deployer:gfv3ee6wc:localhost:4848" />
    <property name="libs.javac-api.javadoc" value="" />
    <property name="os.name" value="Linux" />
    <property name="libs.beans-binding.classpath" value="/home/msgoon6/netbeans-8.2/java/modules/ext/beansbinding-1.2.1.jar" />
    <property name="libs.javaee-endorsed-api-7.0.maven-pom" value="" />
    <property name="ap.proc.none.internal" value="" />
    <property name="libs.restapi.javadoc" value="" />
    <property name="libs.JWSAntTasks.maven-pom" value="" />
    <property name="libs.jstl.classpath" value="/home/msgoon6/netbeans-8.2/enterprise/modules/ext/jstl-impl.jar:/home/msgoon6/netbeans-8.2/enterprise/modules/ext/jstl-api.jar" />
    <property name="libs.testng.src" value="" />
    <property name="libs.spring-webmvc3.0.src" value="" />
    <property name="libs.restapi.classpath" value="/home/msgoon6/netbeans-8.2/enterprise/modules/ext/jaxrs-2.0/javax.ws.rs-api-2.0.jar" />
    <property name="runmain.jvmargs" value="" />
    <property name="java.vendor.url.bug" value="http://bugreport.sun.com/bugreport/" />
    <property name="libs.jaxb.maven-pom" value="" />
    <property name="os.arch" value="amd64" />
    <property name="libs.eclipselink.src" value="" />
    <property name="user.name" value="msgoon6" />
    <property name="j2ee.compile.on.save" value="true" />
    <property name="libs.jsf12.javadoc" value="/home/msgoon6/netbeans-8.2/enterprise/docs/javaee-doc-api.jar" />
    <property name="libs.Comet-GlassFish-v3.javadoc" value="" />
    <property name="libs.spring-webmvc3.0.maven-pom" value="" />
    <property name="libs.swing-layout.maven-pom" value="" />
    <property name="sun.java.command" value="org.apache.tools.ant.taskdefs.optional.junit.JUnitTestRunner funciones_20170823_114447.FDocenteTest skipNonTests=false filtertrace=true haltOnError=false haltOnFailure=false showoutput=true outputtoformatters=true logfailedtests=true threadid=0 logtestlistenerevents=true formatter=org.apache.tools.ant.taskdefs.optional.junit.BriefJUnitResultFormatter formatter=org.apache.tools.ant.taskdefs.optional.junit.XMLJUnitResultFormatter,/home/msgoon6/NetBeansProjects/CONTRATO/build/test/results/TEST-funciones_20170823_114447.FDocenteTest.xml crashfile=/home/msgoon6/NetBeansProjects/CONTRATO/build/junitvmwatcher7912412012529923893.properties propsfile=/home/msgoon6/NetBeansProjects/CONTRATO/build/junit4739660866750928242.properties" />
    <property name="build.classes.dir" value="build/web/WEB-INF/classes" />
    <property name="netbeans.accept_license_class" value="org.netbeans.license.AcceptLicense" />
    <property name="ap.supported.internal" value="true" />
    <property name="libs.javaee-endorsed-api-7.0.javadoc" value="/home/msgoon6/netbeans-8.2/enterprise/docs/javaee-doc-api.jar" />
    <property name="libs.jaxws21.javadoc" value="/home/msgoon6/netbeans-8.2/java/docs/jaxws-api-doc.zip" />
    <property name="libs.spring-webmvc4.0.javadoc" value="" />
    <property name="build.web.excludes" value="**/*.java,**/*.form" />
    <property name="includes" value="funciones_20170823_114447/**/*Test.java" />
    <property name="j2ee.platform.wsimport.classpath" value="/home/msgoon6/Programas/Glassfish4/glassfish/modules/webservices-osgi.jar:/home/msgoon6/Programas/Glassfish4/glassfish/modules/endorsed/webservices-api-osgi.jar:/home/msgoon6/Programas/Glassfish4/glassfish/modules/jaxb-osgi.jar:/home/msgoon6/Programas/Glassfish4/glassfish/modules/endorsed/jaxb-api-osgi.jar" />
    <property name="browser.context" value="/home/msgoon6/NetBeansProjects/CONTRATO/test/funciones_20170823_114447" />
    <property name="user.country" value="EC" />
    <property name="addExports:java.desktop/sun.awt" value="ALL-UNNAMED" />
    <property name="javadoc.encoding" value="UTF-8" />
    <property name="javac.classpath" value="/home/msgoon6/netbeans-8.2/enterprise/modules/ext/primefaces/primefaces-5.0.jar:/home/msgoon6/netbeans-8.2/ide/modules/ext/postgresql-9.4.1209.jar" />
    <property name="libs.jsp-compilation-syscp.src" value="" />
    <property name="libs.JAVADB_DRIVER_LABEL.src" value="" />
    <property name="libs.spring-framework400.classpath" value="/home/msgoon6/netbeans-8.2/ide/modules/org-apache-commons-logging.jar:/home/msgoon6/netbeans-8.2/java/modules/ext/cglib-2.2.jar:/home/msgoon6/netbeans-8.2/java/modules/ext/spring-4/spring-aop-4.0.1.RELEASE.jar:/home/msgoon6/netbeans-8.2/java/modules/ext/spring-4/spring-aspects-4.0.1.RELEASE.jar:/home/msgoon6/netbeans-8.2/java/modules/ext/spring-4/spring-beans-4.0.1.RELEASE.jar:/home/msgoon6/netbeans-8.2/java/modules/ext/spring-4/spring-build-src-4.0.1.RELEASE.jar:/home/msgoon6/netbeans-8.2/java/modules/ext/spring-4/spring-context-4.0.1.RELEASE.jar:/home/msgoon6/netbeans-8.2/java/modules/ext/spring-4/spring-context-support-4.0.1.RELEASE.jar:/home/msgoon6/netbeans-8.2/java/modules/ext/spring-4/spring-core-4.0.1.RELEASE.jar:/home/msgoon6/netbeans-8.2/java/modules/ext/spring-4/spring-expression-4.0.1.RELEASE.jar:/home/msgoon6/netbeans-8.2/java/modules/ext/spring-4/spring-framework-bom-4.0.1.RELEASE.jar:/home/msgoon6/netbeans-8.2/java/modules/ext/spring-4/spring-instrument-4.0.1.RELEASE.jar:/home/msgoon6/netbeans-8.2/java/modules/ext/spring-4/spring-instrument-tomcat-4.0.1.RELEASE.jar:/home/msgoon6/netbeans-8.2/java/modules/ext/spring-4/spring-jdbc-4.0.1.RELEASE.jar:/home/msgoon6/netbeans-8.2/java/modules/ext/spring-4/spring-jms-4.0.1.RELEASE.jar:/home/msgoon6/netbeans-8.2/java/modules/ext/spring-4/spring-messaging-4.0.1.RELEASE.jar:/home/msgoon6/netbeans-8.2/java/modules/ext/spring-4/spring-orm-4.0.1.RELEASE.jar:/home/msgoon6/netbeans-8.2/java/modules/ext/spring-4/spring-oxm-4.0.1.RELEASE.jar:/home/msgoon6/netbeans-8.2/java/modules/ext/spring-4/spring-test-4.0.1.RELEASE.jar:/home/msgoon6/netbeans-8.2/java/modules/ext/spring-4/spring-tx-4.0.1.RELEASE.jar:/home/msgoon6/netbeans-8.2/java/modules/ext/spring-4/spring-web-4.0.1.RELEASE.jar:/home/msgoon6/netbeans-8.2/java/modules/ext/spring-4/spring-webmvc-4.0.1.RELEASE.jar:/home/msgoon6/netbeans-8.2/java/modules/ext/spring-4/spring-webmvc-portlet-4.0.1.RELEASE.jar:/home/msgoon6/netbeans-8.2/java/modules/ext/spring-4/spring-websocket-4.0.1.RELEASE.jar" />
    <property name="do.debug.server" value="true" />
    <property name="debug-transport" value="dt_socket" />
    <property name="netbeans.home" value="/home/msgoon6/netbeans-8.2/platform" />
    <property name="build.compiler.emacs" value="true" />
    <property name="libs.javaee-web-api-6.0.src" value="" />
    <property name="libs.jsp-compilation-syscp.classpath" value="/home/msgoon6/netbeans-8.2/extide/ant/lib/ant.jar:/home/msgoon6/netbeans-8.2/enterprise/modules/ext/servlet3.1-jsp2.3-api.jar:/home/msgoon6/netbeans-8.2/enterprise/modules/ext/glassfish-jspparser-4.0.jar:/home/msgoon6/netbeans-8.2/enterprise/modules/ext/jstl-impl.jar:/home/msgoon6/netbeans-8.2/enterprise/modules/ext/jsf-2_2/javax.faces.jar" />
    <property name="nu.validator.checker.imageCandidateString.hasWidth" value="0" />
    <property name="java.endorsed.dirs" value="/usr/lib/jvm/jdk1.8.0_131/jre/lib/endorsed" />
    <property name="libs.Comet-GlassFish-v3.maven-pom" value="" />
    <property name="netbeans.dynamic.classpath" value="/home/msgoon6/netbeans-8.2/platform/core/core-base.jar:/home/msgoon6/netbeans-8.2/platform/core/asm-all-5.0.1.jar:/home/msgoon6/netbeans-8.2/platform/core/org-netbeans-libs-asm.jar:/home/msgoon6/netbeans-8.2/platform/core/org-openide-filesystems.jar:/home/msgoon6/netbeans-8.2/platform/core/core.jar:/home/msgoon6/netbeans-8.2/platform/core/org-openide-filesystems-compat8.jar:/home/msgoon6/netbeans-8.2/platform/core/locale/core-base_zh_CN.jar:/home/msgoon6/netbeans-8.2/platform/core/locale/org-openide-filesystems_ru.jar:/home/msgoon6/netbeans-8.2/platform/core/locale/org-openide-filesystems_pt_BR.jar:/home/msgoon6/netbeans-8.2/platform/core/locale/org-openide-filesystems-compat8_zh_CN.jar:/home/msgoon6/netbeans-8.2/platform/core/locale/core-base_ja.jar:/home/msgoon6/netbeans-8.2/platform/core/locale/core_ja.jar:/home/msgoon6/netbeans-8.2/platform/core/locale/org-openide-filesystems_ja.jar:/home/msgoon6/netbeans-8.2/platform/core/locale/org-openide-filesystems-compat8_ja.jar:/home/msgoon6/netbeans-8.2/platform/core/locale/org-netbeans-libs-asm_pt_BR.jar:/home/msgoon6/netbeans-8.2/platform/core/locale/org-netbeans-libs-asm_zh_CN.jar:/home/msgoon6/netbeans-8.2/platform/core/locale/core_pt_BR.jar:/home/msgoon6/netbeans-8.2/platform/core/locale/core-base_ru.jar:/home/msgoon6/netbeans-8.2/platform/core/locale/org-netbeans-libs-asm_ja.jar:/home/msgoon6/netbeans-8.2/platform/core/locale/core_zh_CN.jar:/home/msgoon6/netbeans-8.2/platform/core/locale/core-base_pt_BR.jar:/home/msgoon6/netbeans-8.2/platform/core/locale/org-netbeans-libs-asm_ru.jar:/home/msgoon6/netbeans-8.2/platform/core/locale/org-openide-filesystems-compat8_pt_BR.jar:/home/msgoon6/netbeans-8.2/platform/core/locale/core_ru.jar:/home/msgoon6/netbeans-8.2/platform/core/locale/org-openide-filesystems_zh_CN.jar:/home/msgoon6/netbeans-8.2/platform/core/locale/org-openide-filesystems-compat8_ru.jar:/home/msgoon6/netbeans-8.2/nb/core/org-netbeans-upgrader.jar:/home/msgoon6/netbeans-8.2/nb/core/locale/core_nb_ja.jar:/home/msgoon6/netbeans-8.2/nb/core/locale/core_nb.jar:/home/msgoon6/netbeans-8.2/nb/core/locale/org-netbeans-upgrader_zh_CN.jar:/home/msgoon6/netbeans-8.2/nb/core/locale/core_nb_pt_BR.jar:/home/msgoon6/netbeans-8.2/nb/core/locale/org-netbeans-upgrader_ru.jar:/home/msgoon6/netbeans-8.2/nb/core/locale/core_nb_ru.jar:/home/msgoon6/netbeans-8.2/nb/core/locale/org-netbeans-upgrader_ja.jar:/home/msgoon6/netbeans-8.2/nb/core/locale/org-netbeans-upgrader_pt_BR.jar:/home/msgoon6/netbeans-8.2/nb/core/locale/core_nb_zh_CN.jar" />
    <property name="java.vm.specification.version" value="1.8" />
    <property name="libs.hibernate4-support.src" value="" />
    <property name="libs.primefaces.classpath" value="/home/msgoon6/netbeans-8.2/enterprise/modules/ext/primefaces/primefaces-5.0.jar" />
    <property name="libs.javaee-api-6.0.classpath" value="/home/msgoon6/netbeans-8.2/enterprise/modules/ext/javaee-api-6.0.jar" />
    <property name="netbeans.productversion" value="NetBeans IDE 8.2 (Build 201609300101)" />
    <property name="libs.jaxws21.src" value="" />
    <property name="do.war.package.with.custom.manifest" value="true" />
    <property name="netbeans.autoupdate.language" value="es" />
    <property name="java.vendor" value="Oracle Corporation" />
    <property name="libs.javaee-api-6.0.javadoc" value="/home/msgoon6/netbeans-8.2/enterprise/docs/javaee-doc-api.jar" />
    <property name="sun.font.fontmanager" value="sun.awt.X11FontManager" />
    <property name="javac.debug" value="true" />
    <property name="javadoc.splitindex" value="true" />
    <property name="file.separator" value="/" />
    <property name="libs.Java-EE-GlassFish-v3-Prelude.maven-pom" value="" />
    <property name="libs.junit_4.maven-pom" value="" />
    <property name="resource.dir" value="setup" />
    <property name="javac.test.processorpath" value="/home/msgoon6/netbeans-8.2/enterprise/modules/ext/primefaces/primefaces-5.0.jar:/home/msgoon6/netbeans-8.2/ide/modules/ext/postgresql-9.4.1209.jar:build/web/WEB-INF/classes:/home/msgoon6/netbeans-8.2/platform/modules/ext/junit-4.12.jar:/home/msgoon6/netbeans-8.2/platform/modules/ext/hamcrest-core-1.3.jar" />
    <property name="netbeans.buildnumber" value="201609300101" />
    <property name="libs.JWSAntTasks.javadoc" value="" />
    <property name="build.generated.sources.dir" value="build/generated-sources" />
    <property name="libs.eclipselinkmodelgen.classpath" value="/home/msgoon6/netbeans-8.2/java/modules/ext/eclipselink/org.eclipse.persistence.jpa.modelgen_2.5.2.v20140319-9ad6abd.jar" />
    <property name="libs.javaee-endorsed-api-7.0.src" value="" />
    <property name="sun.java.launcher" value="SUN_STANDARD" />
    <property name="libs.hibernate4-persistencemodelgen.javadoc" value="" />
    <property name="libs.jaxb.javadoc" value="/home/msgoon6/netbeans-8.2/ide/docs/jaxb-api-doc.zip" />
    <property name="libs.struts.classpath" value="/home/msgoon6/netbeans-8.2/enterprise/modules/ext/struts/antlr-2.7.2.jar:/home/msgoon6/netbeans-8.2/enterprise/modules/ext/struts/bsf-2.3.0.jar:/home/msgoon6/netbeans-8.2/enterprise/modules/ext/struts/commons-beanutils-1.8.0.jar:/home/msgoon6/netbeans-8.2/enterprise/modules/ext/struts/commons-chain-1.2.jar:/home/msgoon6/netbeans-8.2/enterprise/modules/ext/struts/commons-digester-1.8.jar:/home/msgoon6/netbeans-8.2/enterprise/modules/ext/struts/commons-fileupload-1.1.1.jar:/home/msgoon6/netbeans-8.2/enterprise/modules/ext/struts/commons-io-1.1.jar:/home/msgoon6/netbeans-8.2/enterprise/modules/ext/struts/commons-logging-1.0.4.jar:/home/msgoon6/netbeans-8.2/enterprise/modules/ext/struts/commons-validator-1.3.1.jar:/home/msgoon6/netbeans-8.2/enterprise/modules/ext/struts/jstl-1.0.2.jar:/home/msgoon6/netbeans-8.2/enterprise/modules/ext/struts/oro-2.0.8.jar:/home/msgoon6/netbeans-8.2/enterprise/modules/ext/struts/standard-1.0.6.jar:/home/msgoon6/netbeans-8.2/enterprise/modules/ext/struts/struts-core-1.3.10.jar:/home/msgoon6/netbeans-8.2/enterprise/modules/ext/struts/struts-el-1.3.10.jar:/home/msgoon6/netbeans-8.2/enterprise/modules/ext/struts/struts-extras-1.3.10.jar:/home/msgoon6/netbeans-8.2/enterprise/modules/ext/struts/struts-faces-1.3.10.jar:/home/msgoon6/netbeans-8.2/enterprise/modules/ext/struts/struts-mailreader-dao-1.3.10.jar:/home/msgoon6/netbeans-8.2/enterprise/modules/ext/struts/struts-scripting-1.3.10.jar:/home/msgoon6/netbeans-8.2/enterprise/modules/ext/struts/struts-taglib-1.3.10.jar:/home/msgoon6/netbeans-8.2/enterprise/modules/ext/struts/struts-tiles-1.3.10.jar" />
    <property name="application.args.param" value="" />
    <property name="org.openide.awt.SwingBrowserImpl.do-not-block-awt" value="false" />
    <property name="ant.home" value="/home/msgoon6/netbeans-8.2/extide/ant" />
    <property name="libs.junit_4.src" value="/home/msgoon6/netbeans-8.2/platform/docs/junit-4.12-sources.jar" />
    <property name="libs.testng.classpath" value="/home/msgoon6/netbeans-8.2/platform/modules/ext/testng-6.8.1-dist.jar" />
    <property name="conf.dir" value="src/conf" />
    <property name="webinf.dir" value="web/WEB-INF" />
    <property name="libs.absolutelayout.maven-pom" value="" />
    <property name="ant.java.version" value="1.8" />
    <property name="java.library.path" value="/usr/lib/jvm/jdk1.8.0_131/jre/lib/amd64:/usr/lib/jvm/jdk1.8.0_131/jre/lib/i386::/usr/java/packages/lib/amd64:/usr/lib64:/lib64:/lib:/usr/lib" />
    <property name="javadoc.author" value="false" />
    <property name="libs.metro.maven-pom" value="" />
    <property name="libs.EclipseLink-GlassFish-v3.src" value="" />
    <property name="java.util.logging.config.class" value="org.netbeans.core.startup.TopLogging" />
    <property name="libs.spring-framework400.src" value="" />
    <property name="libs.PostgreSQLDriver.src" value="" />
    <property name="sun.arch.data.model" value="64" />
    <property name="basedir" value="/home/msgoon6/NetBeansProjects/CONTRATO" />
    <property name="libs.jpa20-persistence.maven-pom" value="" />
    <property name="jar.compress" value="false" />
    <property name="libs.javaee-web-api-7.0.classpath" value="/home/msgoon6/netbeans-8.2/enterprise/modules/ext/javaee-web-api-7.0.jar" />
    <property name="path.separator" value=":" />
    <property name="dist.war" value="dist/CONTRATO.war" />
    <property name="libs.javaee-web-api-6.0.javadoc" value="/home/msgoon6/netbeans-8.2/enterprise/docs/javaee-doc-api.jar" />
    <property name="ant.junit.enabletestlistenerevents" value="true" />
    <property name="sun.io.unicode.encoding" value="UnicodeLittle" />
    <property name="libs.jaxws21.classpath" value="/home/msgoon6/netbeans-8.2/ide/modules/ext/jaxb/jaxb-impl.jar:/home/msgoon6/netbeans-8.2/ide/modules/ext/jaxb/jaxb-xjc.jar:/home/msgoon6/netbeans-8.2/java/modules/ext/jaxws22/FastInfoset.jar:/home/msgoon6/netbeans-8.2/java/modules/ext/jaxws22/gmbal-api-only.jar:/home/msgoon6/netbeans-8.2/java/modules/ext/jaxws22/ha-api.jar:/home/msgoon6/netbeans-8.2/java/modules/ext/jaxws22/javax.mail_1.4.jar:/home/msgoon6/netbeans-8.2/java/modules/ext/jaxws22/jaxws-rt.jar:/home/msgoon6/netbeans-8.2/java/modules/ext/jaxws22/jaxws-tools.jar:/home/msgoon6/netbeans-8.2/java/modules/ext/jaxws22/management-api.jar:/home/msgoon6/netbeans-8.2/java/modules/ext/jaxws22/mimepull.jar:/home/msgoon6/netbeans-8.2/java/modules/ext/jaxws22/policy.jar:/home/msgoon6/netbeans-8.2/java/modules/ext/jaxws22/saaj-impl.jar:/home/msgoon6/netbeans-8.2/java/modules/ext/jaxws22/stax-ex.jar:/home/msgoon6/netbeans-8.2/java/modules/ext/jaxws22/stax2-api.jar:/home/msgoon6/netbeans-8.2/java/modules/ext/jaxws22/streambuffer.jar:/home/msgoon6/netbeans-8.2/java/modules/ext/jaxws22/woodstox-core-asl.jar:/home/msgoon6/netbeans-8.2/java/modules/ext/jaxws22/api/jaxws-api.jar:/home/msgoon6/netbeans-8.2/java/modules/ext/jaxws22/api/jsr181-api.jar:/home/msgoon6/netbeans-8.2/java/modules/ext/jaxws22/api/javax.annotation.jar:/home/msgoon6/netbeans-8.2/java/modules/ext/jaxws22/api/saaj-api.jar:/home/msgoon6/netbeans-8.2/ide/modules/ext/jaxb/activation.jar:/home/msgoon6/netbeans-8.2/ide/modules/ext/jaxb/api/jaxb-api.jar:/home/msgoon6/netbeans-8.2/ide/modules/ext/jaxb/api/jsr173_1.0_api.jar" />
    <property name="libs.struts.src" value="" />
    <property name="apple.awt.graphics.UseQuartz" value="true" />
    <property name="addExports:java.desktop/sun.awt.im" value="ALL-UNNAMED" />
    <property name="user.language" value="es" />
    <property name="j2ee.platform.classpath" value="/home/msgoon6/Programas/Glassfish4/glassfish/modules/endorsed/javax.annotation-api.jar:/home/msgoon6/Programas/Glassfish4/glassfish/modules/endorsed/webservices-api-osgi.jar:/home/msgoon6/Programas/Glassfish4/glassfish/modules/endorsed/jaxb-api-osgi.jar:/home/msgoon6/Programas/Glassfish4/glassfish/modules/javax.websocket-api.jar:/home/msgoon6/Programas/Glassfish4/glassfish/modules/javax.transaction-api.jar:/home/msgoon6/Programas/Glassfish4/glassfish/modules/javax.servlet.jsp-api.jar:/home/msgoon6/Programas/Glassfish4/glassfish/modules/javax.management.j2ee-api.jar:/home/msgoon6/Programas/Glassfish4/glassfish/modules/javax.inject.jar:/home/msgoon6/Programas/Glassfish4/glassfish/modules/javax.persistence.jar:/home/msgoon6/Programas/Glassfish4/glassfish/modules/javax.servlet-api.jar:/home/msgoon6/Programas/Glassfish4/glassfish/modules/javax.mail.jar:/home/msgoon6/Programas/Glassfish4/glassfish/modules/javax.security.auth.message-api.jar:/home/msgoon6/Programas/Glassfish4/glassfish/modules/javax.ejb-api.jar:/home/msgoon6/Programas/Glassfish4/glassfish/modules/javax.interceptor-api.jar:/home/msgoon6/Programas/Glassfish4/glassfish/modules/javax.xml.rpc-api.jar:/home/msgoon6/Programas/Glassfish4/glassfish/modules/javax.enterprise.concurrent.jar:/home/msgoon6/Programas/Glassfish4/glassfish/modules/javax.xml.registry-api.jar:/home/msgoon6/Programas/Glassfish4/glassfish/modules/javax.security.jacc-api.jar:/home/msgoon6/Programas/Glassfish4/glassfish/modules/javax.resource-api.jar:/home/msgoon6/Programas/Glassfish4/glassfish/modules/javax.json.jar:/home/msgoon6/Programas/Glassfish4/glassfish/modules/javax.servlet.jsp.jstl.jar:/home/msgoon6/Programas/Glassfish4/glassfish/modules/bean-validator.jar:/home/msgoon6/Programas/Glassfish4/glassfish/modules/javax.jms-api.jar:/home/msgoon6/Programas/Glassfish4/glassfish/modules/javax.servlet.jsp.jstl-api.jar:/home/msgoon6/Programas/Glassfish4/glassfish/modules/javax.el.jar:/home/msgoon6/Programas/Glassfish4/glassfish/modules/javax.batch-api.jar:/home/msgoon6/Programas/Glassfish4/glassfish/modules/jaxb-osgi.jar:/home/msgoon6/Programas/Glassfish4/glassfish/modules/weld-osgi-bundle.jar:/home/msgoon6/Programas/Glassfish4/glassfish/modules/javax.ws.rs-api.jar:/home/msgoon6/Programas/Glassfish4/glassfish/modules/javax.faces.jar:/home/msgoon6/Programas/Glassfish4/glassfish/modules/webservices-osgi.jar:/home/msgoon6/Programas/Glassfish4/glassfish/modules/javax.enterprise.concurrent-api.jar:/home/msgoon6/Programas/Glassfish4/glassfish/modules/javax.servlet.jsp.jar:/home/msgoon6/Programas/Glassfish4/glassfish/modules/javax.enterprise.deploy-api.jar:/home/msgoon6/Programas/Glassfish4/mq/lib/jaxm-api.jar" />
    <property name="testng.mode" value="testng" />
    <property name="libs.JAXB-ENDORSED.maven-pom" value="" />
    <property name="libs.eclipselink.maven-pom" value="" />
    <property name="build.meta.inf.dir" value="build/web/META-INF" />
    <property name="persistence.xml.dir" value="src/conf" />
    <property name="test.binaryincludes" value="&lt;nothing&gt;" />
    <property name="libs.primefaces.javadoc" value="" />
    <property name="libs.spring-framework300.maven-pom" value="" />
    <property name="run.test.classpath" value="/home/msgoon6/netbeans-8.2/enterprise/modules/ext/primefaces/primefaces-5.0.jar:/home/msgoon6/netbeans-8.2/ide/modules/ext/postgresql-9.4.1209.jar:build/web/WEB-INF/classes:/home/msgoon6/netbeans-8.2/platform/modules/ext/junit-4.12.jar:/home/msgoon6/netbeans-8.2/platform/modules/ext/hamcrest-core-1.3.jar:build/test/classes" />
    <property name="ant.project.invoked-targets" value="test" />
    <property name="test.binaryexcludes" value="" />
    <property name="libs.swing-layout.javadoc" value="/home/msgoon6/netbeans-8.2/platform/docs/swing-layout-1.0.4-doc.zip" />
    <property name="sun.java2d.dpiaware" value="true" />
    <property name="libs.hibernate4-persistence.maven-pom" value="" />
    <property name="addExports:java.base/jdk.internal.jrtfs" value="ALL-UNNAMED" />
    <property name="jspc.schemas" value="/resources/schemas/" />
    <property name="https.nonProxyHosts" value="localhost|127.0.0.1|msgoon6" />
    <property name="libs.PostgreSQLDriver.maven-pom" value="" />
    <property name="java.class.version" value="52.0" />
    <property name="libs.JAVADB_DRIVER_LABEL.classpath" value="/usr/lib/jvm/jdk1.8.0_131/db/lib/derby.jar:/usr/lib/jvm/jdk1.8.0_131/db/lib/derbyclient.jar:/usr/lib/jvm/jdk1.8.0_131/db/lib/derbynet.jar" />
    <property name="libs.hibernate4-persistencemodelgen.maven-pom" value="" />
    <property name="libs.javaee-endorsed-api-6.0.src" value="" />
    <property name="libs.eclipselink.javadoc" value="/home/msgoon6/netbeans-8.2/java/modules/ext/docs/javax.persistence-2.1.0-doc.zip" />
    <property name="libs.jsp-compilation.maven-pom" value="" />
    <property name="user.properties.file" value="/home/msgoon6/.netbeans/8.2/build.properties" />
    <property name="build.web.dir" value="build/web" />
    <property name="libs.javac-api.maven-pom" value="" />
    <property name="file.encoding.pkg" value="sun.io" />
    <property name="sun.cpu.endian" value="little" />
    <property name="libs.JAXB-ENDORSED.javadoc" value="" />
    <property name="j2ee.server.middleware" value="/home/msgoon6/Programas/Glassfish4" />
    <property name="libs.JWSAntTasks.classpath" value="/home/msgoon6/netbeans-8.2/java/ant/extra/org-netbeans-modules-javawebstart-anttasks.jar" />
    <property name="libs.spring-webmvc4.0.maven-pom" value="" />
    <property name="libs.spring-framework300.src" value="" />
    <property name="auxiliary.org-netbeans-modules-projectapi.jsf_2e_language" value="Facelets" />
    <property name="libs.jstl.src" value="" />
    <property name="ant.file.CONTRATO-impl" value="/home/msgoon6/NetBeansProjects/CONTRATO/nbproject/build-impl.xml" />
    <property name="empty.dir" value="/home/msgoon6/NetBeansProjects/CONTRATO/build/empty" />
    <property name="display.browser" value="true" />
    <property name="version-output" value="java version &quot;1.8" />
    <property name="test.binarytestincludes" value="" />
    <property name="libs.hibernate4-persistencemodelgen.src" value="" />
    <property name="javadoc.preview" value="true" />
    <property name="libs.jpa20-persistence.javadoc" value="/home/msgoon6/netbeans-8.2/java/modules/ext/docs/javax.persistence-2.1.0-doc.zip" />
    <property name="java.home" value="/usr/lib/jvm/jdk1.8.0_131/jre" />
    <property name="libs.jsp-compilation.src" value="" />
    <property name="debug.test.classpath" value="/home/msgoon6/netbeans-8.2/enterprise/modules/ext/primefaces/primefaces-5.0.jar:/home/msgoon6/netbeans-8.2/ide/modules/ext/postgresql-9.4.1209.jar:build/web/WEB-INF/classes:/home/msgoon6/netbeans-8.2/platform/modules/ext/junit-4.12.jar:/home/msgoon6/netbeans-8.2/platform/modules/ext/hamcrest-core-1.3.jar:build/test/classes" />
    <property name="libs.javaee-endorsed-api-6.0.classpath" value="/home/msgoon6/netbeans-8.2/enterprise/modules/ext/javaee6-endorsed/javax.annotation.jar:/home/msgoon6/netbeans-8.2/enterprise/modules/ext/javaee6-endorsed/jaxb-api-osgi.jar:/home/msgoon6/netbeans-8.2/enterprise/modules/ext/javaee6-endorsed/webservices-api-osgi.jar" />
    <property name="libs.javaee-api-6.0.src" value="" />
    <property name="netbeans.importclass" value="org.netbeans.upgrade.AutoUpgrade" />
    <property name="ant.project.default-target" value="default" />
    <property name="annotation.processing.run.all.processors" value="true" />
    <property name="libs.PostgreSQLDriver.javadoc" value="" />
    <property name="libs.restlib.classpath" value="/home/msgoon6/netbeans-8.2/enterprise/modules/ext/jersey2/ext/asm-all-repackaged-2.2.0-b21.jar:/home/msgoon6/netbeans-8.2/enterprise/modules/ext/jersey2/ext/cglib-2.2.0-b21.jar:/home/msgoon6/netbeans-8.2/enterprise/modules/ext/jersey2/ext/guava-14.0.1.jar:/home/msgoon6/netbeans-8.2/enterprise/modules/ext/jersey2/ext/hk2-api-2.2.0-b21.jar:/home/msgoon6/netbeans-8.2/enterprise/modules/ext/jersey2/ext/hk2-locator-2.2.0-b21.jar:/home/msgoon6/netbeans-8.2/enterprise/modules/ext/jersey2/ext/hk2-utils-2.2.0-b21.jar:/home/msgoon6/netbeans-8.2/enterprise/modules/ext/jersey2/ext/javax.annotation-api-1.2.jar:/home/msgoon6/netbeans-8.2/enterprise/modules/ext/jersey2/ext/javax.inject-2.2.0-b21.jar:/home/msgoon6/netbeans-8.2/enterprise/modules/ext/jersey2/ext/javax.servlet-api-3.0.1.jar:/home/msgoon6/netbeans-8.2/enterprise/modules/ext/jersey2/ext/jaxb-api-2.2.7.jar:/home/msgoon6/netbeans-8.2/enterprise/modules/ext/jersey2/ext/jersey-entity-filtering-2.5.1.jar:/home/msgoon6/netbeans-8.2/enterprise/modules/ext/jersey2/ext/jersey-media-moxy-2.5.1.jar:/home/msgoon6/netbeans-8.2/enterprise/modules/ext/jersey2/ext/org.osgi.core-4.2.0.jar:/home/msgoon6/netbeans-8.2/enterprise/modules/ext/jersey2/ext/osgi-resource-locator-1.0.1.jar:/home/msgoon6/netbeans-8.2/enterprise/modules/ext/jersey2/ext/persistence-api-1.0.jar:/home/msgoon6/netbeans-8.2/enterprise/modules/ext/jersey2/ext/validation-api-1.1.0.Final.jar:/home/msgoon6/netbeans-8.2/enterprise/modules/ext/jersey2/jersey-client.jar:/home/msgoon6/netbeans-8.2/enterprise/modules/ext/jersey2/jersey-common.jar:/home/msgoon6/netbeans-8.2/enterprise/modules/ext/jersey2/jersey-container-servlet.jar:/home/msgoon6/netbeans-8.2/enterprise/modules/ext/jersey2/jersey-container-servlet-core.jar:/home/msgoon6/netbeans-8.2/enterprise/modules/ext/jersey2/jersey-server.jar:/home/msgoon6/netbeans-8.2/java/modules/ext/eclipselink/eclipselink.jar" />
    <property name="libs.MySQLDriver.maven-pom" value="" />
    <property name="j2ee.platform.wsgen.classpath" value="/home/msgoon6/Programas/Glassfish4/glassfish/modules/webservices-osgi.jar:/home/msgoon6/Programas/Glassfish4/glassfish/modules/endorsed/webservices-api-osgi.jar:/home/msgoon6/Programas/Glassfish4/glassfish/modules/jaxb-osgi.jar:/home/msgoon6/Programas/Glassfish4/glassfish/modules/endorsed/jaxb-api-osgi.jar" />
    <property name="libs.hibernate4-persistence.javadoc" value="/home/msgoon6/netbeans-8.2/java/modules/ext/docs/javax.persistence-2.1.0-doc.zip" />
    <property name="http.nonProxyHosts" value="localhost|127.0.0.1|msgoon6" />
    <property name="libs.junit_4.javadoc" value="/home/msgoon6/netbeans-8.2/platform/docs/junit-4.12-javadoc.jar" />
    <property name="libs.EclipseLink-GlassFish-v3.maven-pom" value="" />
    <property name="libs.javaee-web-api-6.0.maven-pom" value="" />
    <property name="j2ee.deploy.on.save" value="true" />
    <property name="jna.boot.library.name" value="jnidispatch-422" />
    <property name="libs.javaee-endorsed-api-6.0.javadoc" value="/home/msgoon6/netbeans-8.2/enterprise/docs/javaee-doc-api.jar" />
    <property name="libs.javaee-api-7.0.classpath" value="/home/msgoon6/netbeans-8.2/enterprise/modules/ext/javaee-api-7.0.jar" />
    <property name="sun.awt.datatransfer.timeout" value="1000" />
    <property name="libs.spring-webmvc3.0.javadoc" value="" />
    <property name="libs.jpa2-persistence.maven-pom" value="" />
    <property name="annotation.processing.enabled.in.editor" value="true" />
    <property name="libs.hibernate4-support.classpath" value="/home/msgoon6/netbeans-8.2/java/modules/ext/hibernate4/antlr-2.7.7.jar:/home/msgoon6/netbeans-8.2/java/modules/ext/hibernate4/c3p0-0.9.2.1.jar:/home/msgoon6/netbeans-8.2/java/modules/ext/hibernate4/hibernate-c3p0-4.3.1.Final.jar:/home/msgoon6/netbeans-8.2/java/modules/ext/hibernate4/mchange-commons-java-0.2.3.4.jar:/home/msgoon6/netbeans-8.2/java/modules/ext/hibernate4/dom4j-1.6.1.jar:/home/msgoon6/netbeans-8.2/java/modules/ext/hibernate4/ehcache-core-2.4.3.jar:/home/msgoon6/netbeans-8.2/java/modules/ext/hibernate4/hibernate-ehcache-4.3.1.Final.jar:/home/msgoon6/netbeans-8.2/java/modules/ext/hibernate4/hibernate-core-4.3.1.Final.jar:/home/msgoon6/netbeans-8.2/java/modules/ext/hibernate4/jboss-logging-3.1.3.GA.jar:/home/msgoon6/netbeans-8.2/java/modules/ext/hibernate4/hibernate-commons-annotations-4.0.4.Final.jar:/home/msgoon6/netbeans-8.2/java/modules/ext/hibernate4/hibernate-entitymanager-4.3.1.Final.jar:/home/msgoon6/netbeans-8.2/java/modules/ext/hibernate4/javassist-3.18.1-GA.jar:/home/msgoon6/netbeans-8.2/java/modules/ext/hibernate4/jboss-transaction-api_1.2_spec-1.0.0.Final.jar:/home/msgoon6/netbeans-8.2/java/modules/ext/hibernate4/slf4j-api-1.6.1.jar:/home/msgoon6/netbeans-8.2/java/modules/ext/hibernate4/slf4j-simple-1.6.1.jar" />
    <property name="nb.native.filechooser" value="false" />
    <property name="libs.restapi.src" value="" />
    <property name="sun.management.compiler" value="HotSpot 64-Bit Tiered Compilers" />
    <property name="javac.deprecation" value="false" />
    <property name="javadoc.use" value="true" />
    <property name="client.urlPart" value="" />
    <property name="sun.java2d.noddraw" value="true" />
    <property name="libs.jsp-compiler.classpath" value="/home/msgoon6/netbeans-8.2/enterprise/ant/extra/jspcompile.jar" />
    <property name="dist.ear.war" value="dist/CONTRATO.war" />
    <property name="javac.processorpath" value="/home/msgoon6/netbeans-8.2/enterprise/modules/ext/primefaces/primefaces-5.0.jar:/home/msgoon6/netbeans-8.2/ide/modules/ext/postgresql-9.4.1209.jar" />
    <property name="libs.hamcrest.maven-pom" value="" />
    <property name="javac.compilerargs" value="" />
    <property name="ant.file" value="/home/msgoon6/NetBeansProjects/CONTRATO/build.xml" />
    <property name="libs.beans-binding.maven-pom" value="" />
    <property name="libs.hibernate4-support.javadoc" value="/home/msgoon6/netbeans-8.2/java/modules/ext/docs/javax.persistence-2.1.0-doc.zip" />
    <property name="libs.jsf12.classpath" value="/home/msgoon6/netbeans-8.2/enterprise/modules/ext/jsf-1_2/commons-beanutils.jar:/home/msgoon6/netbeans-8.2/enterprise/modules/ext/jsf-1_2/commons-collections.jar:/home/msgoon6/netbeans-8.2/enterprise/modules/ext/jsf-1_2/commons-digester.jar:/home/msgoon6/netbeans-8.2/enterprise/modules/ext/jsf-1_2/commons-logging.jar:/home/msgoon6/netbeans-8.2/enterprise/modules/ext/jsf-1_2/jsf-api.jar:/home/msgoon6/netbeans-8.2/enterprise/modules/ext/jsf-1_2/jsf-impl.jar" />
    <property name="libs.Java-EE-GlassFish-v3-Prelude.classpath" value="/home/msgoon6/glassfish-4.1.1/glassfish/modules/endorsed/javax.annotation-api.jar:/home/msgoon6/glassfish-4.1.1/glassfish/modules/endorsed/webservices-api-osgi.jar:/home/msgoon6/glassfish-4.1.1/glassfish/modules/endorsed/jaxb-api.jar:/home/msgoon6/glassfish-4.1.1/glassfish/modules/javax.websocket-api.jar:/home/msgoon6/glassfish-4.1.1/glassfish/modules/javax.transaction-api.jar:/home/msgoon6/glassfish-4.1.1/glassfish/modules/javax.servlet.jsp-api.jar:/home/msgoon6/glassfish-4.1.1/glassfish/modules/javax.management.j2ee-api.jar:/home/msgoon6/glassfish-4.1.1/glassfish/modules/javax.inject.jar:/home/msgoon6/glassfish-4.1.1/glassfish/modules/javax.persistence.jar:/home/msgoon6/glassfish-4.1.1/glassfish/modules/javax.servlet-api.jar:/home/msgoon6/glassfish-4.1.1/glassfish/modules/javax.mail.jar:/home/msgoon6/glassfish-4.1.1/glassfish/modules/javax.security.auth.message-api.jar:/home/msgoon6/glassfish-4.1.1/glassfish/modules/javax.ejb-api.jar:/home/msgoon6/glassfish-4.1.1/glassfish/modules/javax.interceptor-api.jar:/home/msgoon6/glassfish-4.1.1/glassfish/modules/javax.xml.rpc-api.jar:/home/msgoon6/glassfish-4.1.1/glassfish/modules/javax.enterprise.concurrent.jar:/home/msgoon6/glassfish-4.1.1/glassfish/modules/javax.xml.registry-api.jar:/home/msgoon6/glassfish-4.1.1/glassfish/modules/javax.security.jacc-api.jar:/home/msgoon6/glassfish-4.1.1/glassfish/modules/javax.resource-api.jar:/home/msgoon6/glassfish-4.1.1/glassfish/modules/javax.json.jar:/home/msgoon6/glassfish-4.1.1/glassfish/modules/javax.servlet.jsp.jstl.jar:/home/msgoon6/glassfish-4.1.1/glassfish/modules/bean-validator.jar:/home/msgoon6/glassfish-4.1.1/glassfish/modules/javax.jms-api.jar:/home/msgoon6/glassfish-4.1.1/glassfish/modules/javax.servlet.jsp.jstl-api.jar:/home/msgoon6/glassfish-4.1.1/glassfish/modules/javax.el.jar:/home/msgoon6/glassfish-4.1.1/glassfish/modules/javax.batch-api.jar:/home/msgoon6/glassfish-4.1.1/glassfish/modules/jaxb-osgi.jar:/home/msgoon6/glassfish-4.1.1/glassfish/modules/weld-osgi-bundle.jar:/home/msgoon6/glassfish-4.1.1/glassfish/modules/javax.ws.rs-api.jar:/home/msgoon6/glassfish-4.1.1/glassfish/modules/javax.faces.jar:/home/msgoon6/glassfish-4.1.1/glassfish/modules/webservices-osgi.jar:/home/msgoon6/glassfish-4.1.1/glassfish/modules/javax.enterprise.concurrent-api.jar:/home/msgoon6/glassfish-4.1.1/glassfish/modules/cdi-api.jar:/home/msgoon6/glassfish-4.1.1/glassfish/modules/javax.servlet.jsp.jar:/home/msgoon6/glassfish-4.1.1/glassfish/modules/javax.enterprise.deploy-api.jar:/home/msgoon6/glassfish-4.1.1/mq/lib/jaxm-api.jar" />
    <property name="has.custom.manifest" value="true" />
    <property name="libs.jstl.maven-pom" value="" />
    <property name="libs.restapi.maven-pom" value="" />
    <property name="libs.beans-binding.src" value="" />
    <property name="java.vm.specification.vendor" value="Oracle Corporation" />
    <property name="libs.swing-layout.src" value="/home/msgoon6/netbeans-8.2/platform/docs/swing-layout-1.0.4-src.zip" />
    <property name="org.openide.major.version" value="IDE/1" />
    <property name="java.vm.name" value="Java HotSpot(TM) 64-Bit Server VM" />
    <property name="do.display.browser.debug" value="true" />
    <property name="netbeans.user" value="/home/msgoon6/.netbeans/8.2" />
    <property name="javadoc.additionalparam" value="" />
    <property name="java.io.tmpdir" value="/tmp" />
    <property name="java.vendor.url" value="http://java.oracle.com/" />
    <property name="endorsed.classpath.cmd.line.arg" value="-Xbootclasspath/p:&apos;/home/msgoon6/netbeans-8.2/enterprise/modules/ext/javaee7-endorsed/javax.annotation-api.jar:/home/msgoon6/netbeans-8.2/enterprise/modules/ext/javaee7-endorsed/javax.xml.soap-api.jar:/home/msgoon6/netbeans-8.2/enterprise/modules/ext/javaee7-endorsed/jaxb-api-osgi.jar:/home/msgoon6/netbeans-8.2/enterprise/modules/ext/javaee7-endorsed/jaxws-api.jar:/home/msgoon6/netbeans-8.2/enterprise/modules/ext/javaee7-endorsed/jsr181-api.jar&apos;" />
    <property name="jna.loaded" value="true" />
    <property name="junit.available" value="true" />
    <property name="j2ee.platform.wsit.classpath" value="" />
    <property name="compile.jsps" value="false" />
    <property name="libs.jsp-compiler.src" value="" />
    <property name="org.openide.awt.ActionReference.completion" value="org.netbeans.modules.apisupport.project.layers.PathCompletions" />
    <property name="deploy.ant.properties.file" value="/home/msgoon6/.netbeans/8.2/config/GlassFishEE6/Properties/gfv3-442034401.properties" />
    <property name="j2ee.platform.wscompile.classpath" value="/home/msgoon6/Programas/Glassfish4/glassfish/modules/webservices-osgi.jar" />
    <property name="sun.boot.library.path" value="/usr/lib/jvm/jdk1.8.0_131/jre/lib/amd64" />
    <property name="have.sources" value="true" />
    <property name="libs.hamcrest.javadoc" value="" />
    <property name="debug.classpath" value="build/web/WEB-INF/classes:/home/msgoon6/netbeans-8.2/enterprise/modules/ext/primefaces/primefaces-5.0.jar:/home/msgoon6/netbeans-8.2/ide/modules/ext/postgresql-9.4.1209.jar" />
    <property name="war.name" value="CONTRATO.war" />
    <property name="javadoc.private" value="false" />
    <property name="test.src.dir" value="test" />
    <property name="libs.jsf20.classpath" value="/home/msgoon6/netbeans-8.2/enterprise/modules/ext/jsf-2_2/javax.faces.jar" />
    <property name="ap.processors.internal" value="" />
    <property name="javadoc.encoding.used" value="UTF-8" />
    <property name="libs.spring-framework400.maven-pom" value="" />
    <property name="java.runtime.name" value="Java(TM) SE Runtime Environment" />
    <property name="ant.project.name" value="CONTRATO" />
    <property name="netbeans.hash.code" value="unique=NB_EXTIDE_GFMOD_JAVA_WEBCOMMON_WEBEE017bb1547-5432-436c-890e-a8814e412330_c636d9db-ced8-43c3-8cc0-49ab716a6e9c" />
    <property name="netbeans.default_userdir_root" value="/home/msgoon6/.netbeans" />
    <property name="libs.jsp-compilation-syscp.maven-pom" value="" />
    <property name="sun.cpu.isalist" value="" />
    <property name="libs.spring-framework400.javadoc" value="" />
    <property name="libs.CopyLibs.javadoc" value="" />
    <property name="j2ee.server.domain" value="/home/msgoon6/Programas/Glassfish4/glassfish/domains/domain1" />
    <property name="org.openide.specification.version" value="6.2" />
    <property name="j2ee.server.home" value="/home/msgoon6/Programas/Glassfish4/glassfish" />
    <property name="user.home" value="/home/msgoon6" />
    <property name="annotation.processing.processors.list" value="" />
    <property name="libs.primefaces.maven-pom" value="" />
    <property name="debug-args-line" value="-Xdebug" />
    <property name="libs.javaee-api-6.0.maven-pom" value="" />
    <property name="libs.JWSAntTasks.src" value="" />
    <property name="libs.CopyLibs.maven-pom" value="" />
    <property name="libs.absolutelayout.javadoc" value="" />
    <property name="libs.spring-framework300.javadoc" value="" />
    <property name="java.specification.name" value="Java Platform API Specification" />
    <property name="no.dist.ear.dir" value="true" />
    <property name="java.specification.vendor" value="Oracle Corporation" />
    <property name="libs.javac-api.classpath" value="/home/msgoon6/netbeans-8.2/java/modules/ext/nb-javac-api.jar" />
    <property name="java.version" value="1.8.0_131" />
    <property name="javadoc.version" value="false" />
    <property name="run.jvmargs.ide" value="" />
    <property name="libs.MySQLDriver.javadoc" value="" />
    <property name="org.openide.version" value="deprecated" />
    <property name="source.encoding" value="UTF-8" />
    <property name="ap.cmd.line.internal" value="" />
    <property name="libs.eclipselinkmodelgen.maven-pom" value="" />
    <property name="libs.jsp-compilation-syscp.javadoc" value="" />
    <property name="libs.javaee-endorsed-api-7.0.classpath" value="/home/msgoon6/netbeans-8.2/enterprise/modules/ext/javaee7-endorsed/javax.annotation-api.jar:/home/msgoon6/netbeans-8.2/enterprise/modules/ext/javaee7-endorsed/javax.xml.soap-api.jar:/home/msgoon6/netbeans-8.2/enterprise/modules/ext/javaee7-endorsed/jaxb-api-osgi.jar:/home/msgoon6/netbeans-8.2/enterprise/modules/ext/javaee7-endorsed/jaxws-api.jar:/home/msgoon6/netbeans-8.2/enterprise/modules/ext/javaee7-endorsed/jsr181-api.jar" />
    <property name="libs.eclipselinkmodelgen.javadoc" value="" />
    <property name="libs.metro.javadoc" value="/home/msgoon6/netbeans-8.2/enterprise/docs/metro-1.4-doc.zip" />
    <property name="libs.struts.maven-pom" value="" />
    <property name="netbeans.home+have.tests" value="true" />
    <property name="libs.testng.maven-pom" value="" />
    <property name="libs.jaxb.src" value="" />
    <property name="libs.jaxb.classpath" value="/home/msgoon6/netbeans-8.2/ide/modules/ext/jaxb/jaxb-impl.jar:/home/msgoon6/netbeans-8.2/ide/modules/ext/jaxb/jaxb-xjc.jar:/home/msgoon6/netbeans-8.2/ide/modules/ext/jaxb/jaxb1-impl.jar:/home/msgoon6/netbeans-8.2/ide/modules/ext/jaxb/activation.jar:/home/msgoon6/netbeans-8.2/ide/modules/ext/jaxb/api/jaxb-api.jar:/home/msgoon6/netbeans-8.2/ide/modules/ext/jaxb/api/jsr173_1.0_api.jar" />
    <property name="dist.javadoc.dir" value="dist/javadoc" />
    <property name="libs.spring-webmvc3.0.classpath" value="/home/msgoon6/netbeans-8.2/java/modules/ext/spring-3.0/spring-webmvc-3.2.7.RELEASE.jar" />
    <property name="libs.swing-layout.classpath" value="/home/msgoon6/netbeans-8.2/platform/modules/ext/swing-layout-1.0.4.jar" />
    <property name="jspc.dtds" value="/resources/dtds/" />
    <property name="libs.javaee-web-api-7.0.maven-pom" value="" />
    <property name="libs.restlib.src" value="" />
    <property name="javac.source" value="1.8" />
    <property name="build.generated.dir" value="build/generated" />
    <property name="line.separator" value="&#xa;" />
    <property name="java.specification.version" value="1.8" />
    <property name="libs.jaxws21.maven-pom" value="" />
    <property name="java.vm.info" value="mixed mode" />
    <property name="nb.junit.batch" value="true" />
    <property name="addExports:java.management/sun.management" value="ALL-UNNAMED" />
    <property name="sun.boot.class.path" value="/home/msgoon6/netbeans-8.2/enterprise/modules/ext/javaee7-endorsed/javax.annotation-api.jar:/home/msgoon6/netbeans-8.2/enterprise/modules/ext/javaee7-endorsed/javax.xml.soap-api.jar:/home/msgoon6/netbeans-8.2/enterprise/modules/ext/javaee7-endorsed/jaxb-api-osgi.jar:/home/msgoon6/netbeans-8.2/enterprise/modules/ext/javaee7-endorsed/jaxws-api.jar:/home/msgoon6/netbeans-8.2/enterprise/modules/ext/javaee7-endorsed/jsr181-api.jar:/usr/lib/jvm/jdk1.8.0_131/jre/lib/resources.jar:/usr/lib/jvm/jdk1.8.0_131/jre/lib/rt.jar:/usr/lib/jvm/jdk1.8.0_131/jre/lib/sunrsasign.jar:/usr/lib/jvm/jdk1.8.0_131/jre/lib/jsse.jar:/usr/lib/jvm/jdk1.8.0_131/jre/lib/jce.jar:/usr/lib/jvm/jdk1.8.0_131/jre/lib/charsets.jar:/usr/lib/jvm/jdk1.8.0_131/jre/lib/jfr.jar:/usr/lib/jvm/jdk1.8.0_131/jre/classes" />
    <property name="javac.target" value="1.8" />
    <property name="build.test.classes.dir" value="build/test/classes" />
    <property name="src.dir" value="src/java" />
    <property name="annotation.processing.enabled" value="true" />
    <property name="libs.jpa2-persistence.src" value="" />
    <property name="libs.jsf20.src" value="" />
    <property name="libs.jpa20-persistence.src" value="" />
    <property name="libs.jsf12.src" value="" />
    <property name="j2ee.platform" value="1.7-web" />
    <property name="libs.JAVADB_DRIVER_LABEL.maven-pom" value="" />
    <property name="libs.struts.javadoc" value="/home/msgoon6/netbeans-8.2/enterprise/docs/struts-1.3.10-javadoc.zip" />
    <property name="ignore.failing.tests" value="true" />
    <property name="libs.Comet-GlassFish-v3.classpath" value="" />
    <property name="libs.javaee-web-api-7.0.src" value="" />
    <property name="web.docbase.dir" value="web" />
    <property name="libs.primefaces.src" value="" />
    <property name="dist.dir" value="dist" />
    <property name="testng.debug.mode" value="" />
    <property name="javac.fork" value="false" />
    <property name="java.awt.printerjob" value="sun.print.PSPrinterJob" />
    <property name="default.javac.source" value="1.8" />
    <property name="debug-transport-by-os" value="dt_socket" />
    <property name="sun.jnu.encoding" value="UTF-8" />
    <property name="libs.MySQLDriver.src" value="" />
    <property name="build.test.results.dir" value="build/test/results" />
    <property name="java.runtime.version" value="1.8.0_131-b11" />
    <property name="jna.platform.library.path" value="/usr/lib/x86_64-linux-gnu:/lib/x86_64-linux-gnu:/lib64:/usr/lib:/lib:/lib/i386-linux-gnu:/usr/local/lib:/usr/lib/i386-linux-gnu:/usr/lib32:/lib32:/usr/lib/nvidia-375:/usr/lib32/nvidia-375:/usr/lib/nvidia-375/tls:/usr/lib32/nvidia-375/tls:/usr/lib/x86_64-linux-gnu/libfakeroot" />
    <property name="default.javac.target" value="1.8" />
    <property name="libs.junit_4.classpath" value="/home/msgoon6/netbeans-8.2/platform/modules/ext/junit-4.12.jar" />
    <property name="user.timezone" value="" />
    <property name="nb.junit.single" value="false" />
    <property name="libs.JAVADB_DRIVER_LABEL.javadoc" value="" />
    <property name="libs.javaee-endorsed-api-6.0.maven-pom" value="" />
    <property name="netbeans.dirs" value="/home/msgoon6/netbeans-8.2/nb:/home/msgoon6/netbeans-8.2/ergonomics:/home/msgoon6/netbeans-8.2/ide:/home/msgoon6/netbeans-8.2/extide:/home/msgoon6/netbeans-8.2/java:/home/msgoon6/netbeans-8.2/apisupport:/home/msgoon6/netbeans-8.2/webcommon:/home/msgoon6/netbeans-8.2/websvccommon:/home/msgoon6/netbeans-8.2/enterprise:/home/msgoon6/netbeans-8.2/mobility:/home/msgoon6/netbeans-8.2/profiler:/home/msgoon6/netbeans-8.2/python:/home/msgoon6/netbeans-8.2/php:/home/msgoon6/netbeans-8.2/identity:/home/msgoon6/netbeans-8.2/harness:/home/msgoon6/netbeans-8.2/cnd:/home/msgoon6/netbeans-8.2/cndext:/home/msgoon6/netbeans-8.2/dlight:/home/msgoon6/netbeans-8.2/groovy:/home/msgoon6/netbeans-8.2/extra:/home/msgoon6/netbeans-8.2/javacard:/home/msgoon6/netbeans-8.2/javafx:" />
    <property name="libs.jstl.javadoc" value="/home/msgoon6/netbeans-8.2/enterprise/docs/javaee-doc-api.jar" />
    <property name="libs.jsf20.javadoc" value="/home/msgoon6/netbeans-8.2/enterprise/docs/javaee-doc-api.jar" />
    <property name="java.ext.dirs" value="/usr/lib/jvm/jdk1.8.0_131/jre/lib/ext:/usr/java/packages/lib/ext" />
    <property name="libs.metro.src" value="" />
    <property name="endorsed.classpath" value="/home/msgoon6/netbeans-8.2/enterprise/modules/ext/javaee7-endorsed/javax.annotation-api.jar:/home/msgoon6/netbeans-8.2/enterprise/modules/ext/javaee7-endorsed/javax.xml.soap-api.jar:/home/msgoon6/netbeans-8.2/enterprise/modules/ext/javaee7-endorsed/jaxb-api-osgi.jar:/home/msgoon6/netbeans-8.2/enterprise/modules/ext/javaee7-endorsed/jaxws-api.jar:/home/msgoon6/netbeans-8.2/enterprise/modules/ext/javaee7-endorsed/jsr181-api.jar" />
    <property name="libs.absolutelayout.classpath" value="/home/msgoon6/netbeans-8.2/java/modules/ext/AbsoluteLayout.jar" />
    <property name="excludes" value="" />
    <property name="libs.metro.classpath" value="/home/msgoon6/netbeans-8.2/ide/modules/ext/jaxb/activation.jar:/home/msgoon6/netbeans-8.2/enterprise/modules/ext/metro/webservices-api.jar:/home/msgoon6/netbeans-8.2/enterprise/modules/ext/metro/webservices-extra-api.jar:/home/msgoon6/netbeans-8.2/enterprise/modules/ext/metro/webservices-extra.jar:/home/msgoon6/netbeans-8.2/enterprise/modules/ext/metro/webservices-rt.jar:/home/msgoon6/netbeans-8.2/enterprise/modules/ext/metro/webservices-tools.jar" />
    <property name="libs.restlib.maven-pom" value="" />
    <property name="libs.jpa2-persistence.javadoc" value="/home/msgoon6/netbeans-8.2/java/modules/ext/docs/javax.persistence-2.1.0-doc.zip" />
    <property name="apple.laf.useScreenMenuBar" value="true" />
    <property name="java.class.path" value="/home/msgoon6/netbeans-8.2/enterprise/modules/ext/primefaces/primefaces-5.0.jar:/home/msgoon6/netbeans-8.2/ide/modules/ext/postgresql-9.4.1209.jar:/home/msgoon6/NetBeansProjects/CONTRATO/build/web/WEB-INF/classes:/home/msgoon6/netbeans-8.2/platform/modules/ext/junit-4.12.jar:/home/msgoon6/netbeans-8.2/platform/modules/ext/hamcrest-core-1.3.jar:/home/msgoon6/NetBeansProjects/CONTRATO/build/test/classes:/home/msgoon6/Programas/Glassfish4/glassfish/modules/endorsed/javax.annotation-api.jar:/home/msgoon6/Programas/Glassfish4/glassfish/modules/endorsed/webservices-api-osgi.jar:/home/msgoon6/Programas/Glassfish4/glassfish/modules/endorsed/jaxb-api-osgi.jar:/home/msgoon6/Programas/Glassfish4/glassfish/modules/javax.websocket-api.jar:/home/msgoon6/Programas/Glassfish4/glassfish/modules/javax.transaction-api.jar:/home/msgoon6/Programas/Glassfish4/glassfish/modules/javax.servlet.jsp-api.jar:/home/msgoon6/Programas/Glassfish4/glassfish/modules/javax.management.j2ee-api.jar:/home/msgoon6/Programas/Glassfish4/glassfish/modules/javax.inject.jar:/home/msgoon6/Programas/Glassfish4/glassfish/modules/javax.persistence.jar:/home/msgoon6/Programas/Glassfish4/glassfish/modules/javax.servlet-api.jar:/home/msgoon6/Programas/Glassfish4/glassfish/modules/javax.mail.jar:/home/msgoon6/Programas/Glassfish4/glassfish/modules/javax.security.auth.message-api.jar:/home/msgoon6/Programas/Glassfish4/glassfish/modules/javax.ejb-api.jar:/home/msgoon6/Programas/Glassfish4/glassfish/modules/javax.interceptor-api.jar:/home/msgoon6/Programas/Glassfish4/glassfish/modules/javax.xml.rpc-api.jar:/home/msgoon6/Programas/Glassfish4/glassfish/modules/javax.enterprise.concurrent.jar:/home/msgoon6/Programas/Glassfish4/glassfish/modules/javax.xml.registry-api.jar:/home/msgoon6/Programas/Glassfish4/glassfish/modules/javax.security.jacc-api.jar:/home/msgoon6/Programas/Glassfish4/glassfish/modules/javax.resource-api.jar:/home/msgoon6/Programas/Glassfish4/glassfish/modules/javax.json.jar:/home/msgoon6/Programas/Glassfish4/glassfish/modules/javax.servlet.jsp.jstl.jar:/home/msgoon6/Programas/Glassfish4/glassfish/modules/bean-validator.jar:/home/msgoon6/Programas/Glassfish4/glassfish/modules/javax.jms-api.jar:/home/msgoon6/Programas/Glassfish4/glassfish/modules/javax.servlet.jsp.jstl-api.jar:/home/msgoon6/Programas/Glassfish4/glassfish/modules/javax.el.jar:/home/msgoon6/Programas/Glassfish4/glassfish/modules/javax.batch-api.jar:/home/msgoon6/Programas/Glassfish4/glassfish/modules/jaxb-osgi.jar:/home/msgoon6/Programas/Glassfish4/glassfish/modules/weld-osgi-bundle.jar:/home/msgoon6/Programas/Glassfish4/glassfish/modules/javax.ws.rs-api.jar:/home/msgoon6/Programas/Glassfish4/glassfish/modules/javax.faces.jar:/home/msgoon6/Programas/Glassfish4/glassfish/modules/webservices-osgi.jar:/home/msgoon6/Programas/Glassfish4/glassfish/modules/javax.enterprise.concurrent-api.jar:/home/msgoon6/Programas/Glassfish4/glassfish/modules/javax.servlet.jsp.jar:/home/msgoon6/Programas/Glassfish4/glassfish/modules/javax.enterprise.deploy-api.jar:/home/msgoon6/Programas/Glassfish4/mq/lib/jaxm-api.jar:/home/msgoon6/Programas/Glassfish4/glassfish/lib/embedded/glassfish-embedded-static-shell.jar:/home/msgoon6/netbeans-8.2/extide/ant/lib/ant-launcher.jar:/home/msgoon6/netbeans-8.2/extide/ant/lib/ant.jar:/home/msgoon6/netbeans-8.2/extide/ant/lib/ant-junit.jar:/home/msgoon6/netbeans-8.2/extide/ant/lib/ant-junit4.jar" />
    <property name="addExports:java.desktop/java.awt.peer" value="ALL-UNNAMED" />
    <property name="addExports:java.desktop/com.sun.beans.editors" value="ALL-UNNAMED" />
    <property name="libs.absolutelayout.src" value="" />
    <property name="ant.file.type.CONTRATO" value="file" />
    <property name="libs.jpa20-persistence.classpath" value="/home/msgoon6/netbeans-8.2/java/modules/ext/eclipselink/javax.persistence_2.1.0.v201304241213.jar" />
    <property name="j2ee.server.type" value="gfv3ee6" />
    <property name="os.version" value="4.4.0-92-generic" />
    <property name="ant.file.CONTRATO" value="/home/msgoon6/NetBeansProjects/CONTRATO/build.xml" />
    <property name="libs.EclipseLink-GlassFish-v3.javadoc" value="/home/msgoon6/netbeans-8.2/enterprise/docs/javaee-doc-api.jar" />
    <property name="libs.javaee-api-7.0.maven-pom" value="" />
    <property name="sun.awt.enableExtraMouseButtons" value="true" />
    <property name="sun.desktop" value="gnome" />
    <property name="libs.hibernate4-persistence.src" value="" />
    <property name="libs.hibernate4-support.maven-pom" value="" />
    <property name="libs.Comet-GlassFish-v3.src" value="" />
    <property name="war.content.additional" value="" />
    <property name="libs.restlib.javadoc" value="" />
    <property name="libs.JAXB-ENDORSED.classpath" value="/home/msgoon6/netbeans-8.2/ide/modules/ext/jaxb/api/jaxb-api.jar" />
    <property name="j2ee.platform.embeddableejb.classpath" value="/home/msgoon6/Programas/Glassfish4/glassfish/lib/embedded/glassfish-embedded-static-shell.jar" />
    <property name="nb.internal.action.name" value="test" />
    <property name="forceRedeploy" value="false" />
    <property name="libs.eclipselink.classpath" value="/home/msgoon6/netbeans-8.2/java/modules/ext/eclipselink/eclipselink.jar:/home/msgoon6/netbeans-8.2/java/modules/ext/eclipselink/javax.persistence_2.1.0.v201304241213.jar:/home/msgoon6/netbeans-8.2/java/modules/ext/eclipselink/org.eclipse.persistence.jpa.jpql_2.5.2.v20140319-9ad6abd.jar" />
    <property name="libs.javaee-api-7.0.javadoc" value="/home/msgoon6/netbeans-8.2/enterprise/docs/javaee-doc-api.jar" />
    <property name="libs.beans-binding.javadoc" value="/home/msgoon6/netbeans-8.2/java/docs/beansbinding-1.2.1-doc.zip" />
    <property name="java.awt.graphicsenv" value="sun.awt.X11GraphicsEnvironment" />
    <property name="ant.file.type.CONTRATO-impl" value="file" />
    <property name="java.vm.vendor" value="Oracle Corporation" />
    <property name="libs.CopyLibs.classpath" value="/home/msgoon6/netbeans-8.2/java/ant/extra/org-netbeans-modules-java-j2seproject-copylibstask.jar" />
    <property name="libs.spring-framework300.classpath" value="/home/msgoon6/netbeans-8.2/ide/modules/org-apache-commons-logging.jar:/home/msgoon6/netbeans-8.2/java/modules/ext/cglib-2.2.jar:/home/msgoon6/netbeans-8.2/java/modules/ext/spring-3.0/spring-aop-3.2.7.RELEASE.jar:/home/msgoon6/netbeans-8.2/java/modules/ext/spring-3.0/spring-aspects-3.2.7.RELEASE.jar:/home/msgoon6/netbeans-8.2/java/modules/ext/spring-3.0/spring-beans-3.2.7.RELEASE.jar:/home/msgoon6/netbeans-8.2/java/modules/ext/spring-3.0/spring-build-src-3.2.7.RELEASE.jar:/home/msgoon6/netbeans-8.2/java/modules/ext/spring-3.0/spring-context-3.2.7.RELEASE.jar:/home/msgoon6/netbeans-8.2/java/modules/ext/spring-3.0/spring-context-support-3.2.7.RELEASE.jar:/home/msgoon6/netbeans-8.2/java/modules/ext/spring-3.0/spring-core-3.2.7.RELEASE.jar:/home/msgoon6/netbeans-8.2/java/modules/ext/spring-3.0/spring-expression-3.2.7.RELEASE.jar:/home/msgoon6/netbeans-8.2/java/modules/ext/spring-3.0/spring-framework-bom-3.2.7.RELEASE.jar:/home/msgoon6/netbeans-8.2/java/modules/ext/spring-3.0/spring-instrument-3.2.7.RELEASE.jar:/home/msgoon6/netbeans-8.2/java/modules/ext/spring-3.0/spring-instrument-tomcat-3.2.7.RELEASE.jar:/home/msgoon6/netbeans-8.2/java/modules/ext/spring-3.0/spring-jdbc-3.2.7.RELEASE.jar:/home/msgoon6/netbeans-8.2/java/modules/ext/spring-3.0/spring-jms-3.2.7.RELEASE.jar:/home/msgoon6/netbeans-8.2/java/modules/ext/spring-3.0/spring-orm-3.2.7.RELEASE.jar:/home/msgoon6/netbeans-8.2/java/modules/ext/spring-3.0/spring-oxm-3.2.7.RELEASE.jar:/home/msgoon6/netbeans-8.2/java/modules/ext/spring-3.0/spring-struts-3.2.7.RELEASE.jar:/home/msgoon6/netbeans-8.2/java/modules/ext/spring-3.0/spring-test-3.2.7.RELEASE.jar:/home/msgoon6/netbeans-8.2/java/modules/ext/spring-3.0/spring-tx-3.2.7.RELEASE.jar:/home/msgoon6/netbeans-8.2/java/modules/ext/spring-3.0/spring-web-3.2.7.RELEASE.jar:/home/msgoon6/netbeans-8.2/java/modules/ext/spring-3.0/spring-webmvc-3.2.7.RELEASE.jar:/home/msgoon6/netbeans-8.2/java/modules/ext/spring-3.0/spring-webmvc-portlet-3.2.7.RELEASE.jar" />
    <property name="libs.jsp-compiler.maven-pom" value="" />
    <property name="libs.hamcrest.src" value="" />
    <property name="libs.hibernate4-persistence.classpath" value="/home/msgoon6/netbeans-8.2/java/modules/ext/hibernate4/antlr-2.7.7.jar:/home/msgoon6/netbeans-8.2/java/modules/ext/hibernate4/c3p0-0.9.2.1.jar:/home/msgoon6/netbeans-8.2/java/modules/ext/hibernate4/hibernate-c3p0-4.3.1.Final.jar:/home/msgoon6/netbeans-8.2/java/modules/ext/hibernate4/mchange-commons-java-0.2.3.4.jar:/home/msgoon6/netbeans-8.2/java/modules/ext/hibernate4/dom4j-1.6.1.jar:/home/msgoon6/netbeans-8.2/java/modules/ext/hibernate4/ehcache-core-2.4.3.jar:/home/msgoon6/netbeans-8.2/java/modules/ext/hibernate4/hibernate-ehcache-4.3.1.Final.jar:/home/msgoon6/netbeans-8.2/java/modules/ext/hibernate4/hibernate-core-4.3.1.Final.jar:/home/msgoon6/netbeans-8.2/java/modules/ext/hibernate4/jboss-logging-3.1.3.GA.jar:/home/msgoon6/netbeans-8.2/java/modules/ext/hibernate4/hibernate-commons-annotations-4.0.4.Final.jar:/home/msgoon6/netbeans-8.2/java/modules/ext/hibernate4/hibernate-entitymanager-4.3.1.Final.jar:/home/msgoon6/netbeans-8.2/java/modules/ext/hibernate4/javassist-3.18.1-GA.jar:/home/msgoon6/netbeans-8.2/java/modules/ext/hibernate4/jboss-transaction-api_1.2_spec-1.0.0.Final.jar:/home/msgoon6/netbeans-8.2/java/modules/ext/hibernate4/slf4j-api-1.6.1.jar:/home/msgoon6/netbeans-8.2/java/modules/ext/hibernate4/slf4j-simple-1.6.1.jar:/home/msgoon6/netbeans-8.2/java/modules/ext/hibernate4/hibernate-jpa-2.1-api-1.0.0.Final.jar" />
    <property name="dist.archive.excludes" value="" />
    <property name="libs.JAXB-ENDORSED.src" value="" />
    <property name="libs.testng.javadoc" value="/home/msgoon6/netbeans-8.2/platform/docs/testng-6.8.1-javadoc.zip" />
    <property name="libs.PostgreSQLDriver.classpath" value="/home/msgoon6/netbeans-8.2/ide/modules/ext/postgresql-9.4.1209.jar" />
    <property name="libs.jsf12.maven-pom" value="" />
    <property name="libs.hibernate4-persistencemodelgen.classpath" value="/home/msgoon6/netbeans-8.2/java/modules/ext/hibernate4/hibernate-jpamodelgen-4.3.1.Final.jar" />
    <property name="annotation.processing.source.output" value="build/generated-sources/ap-source-output" />
    <property name="libs.CopyLibs.src" value="" />
    <property name="build.dir" value="build" />
    <property name="libs.jsp-compilation.classpath" value="/home/msgoon6/netbeans-8.2/extide/ant/lib/ant.jar:/home/msgoon6/netbeans-8.2/enterprise/modules/ext/servlet3.1-jsp2.3-api.jar:/home/msgoon6/netbeans-8.2/enterprise/modules/ext/glassfish-jspparser-4.0.jar:/home/msgoon6/netbeans-8.2/enterprise/modules/ext/jsf-2_2/javax.faces.jar:/home/msgoon6/netbeans-8.2/enterprise/modules/ext/jstl-api.jar:/home/msgoon6/netbeans-8.2/extide/ant/lib/ant-launcher.jar" />
    <property name="j2ee.platform.is.jsr109" value="true" />
    <property name="ant.version" value="Apache Ant(TM) version 1.9.7 compiled on April 9 2016" />
    <property name="file.encoding" value="UTF-8" />
    <property name="build.classes.excludes" value="**/*.java,**/*.form" />
    <property name="jdkBug6558476" value="false" />
    <property name="javadoc.nonavbar" value="false" />
    <property name="libs.spring-webmvc4.0.classpath" value="/home/msgoon6/netbeans-8.2/java/modules/ext/spring-4/spring-webmvc-4.0.1.RELEASE.jar" />
    <property name="platform.active" value="default_platform" />
    <property name="awt.toolkit" value="sun.awt.X11.XToolkit" />
    <property name="war.ear.name" value="CONTRATO.war" />
    <property name="libs.javaee-web-api-7.0.javadoc" value="/home/msgoon6/netbeans-8.2/enterprise/docs/javaee-doc-api.jar" />
  </properties>
  <testcase classname="funciones_20170823_114447.FDocenteTest" name="testobtener" time="0.132" />
  <testcase classname="funciones_20170823_114447.FDocenteTest" name="testinsertar" time="0.014" />
  <system-out><![CDATA[obtener
insertar
]]></system-out>
  <system-err><![CDATA[]]></system-err>
</testsuite>
